0 info it worked if it ends with ok
1 verbose cli [ '/usr/local/Cellar/node/7.4.0/bin/node',
1 verbose cli   '/usr/local/bin/npm',
1 verbose cli   'start' ]
2 info using npm@4.0.5
3 info using node@v7.4.0
4 verbose run-script [ 'prestart', 'start', 'poststart' ]
5 info lifecycle new-bobotov@~prestart: new-bobotov@
6 silly lifecycle new-bobotov@~prestart: no script for prestart, continuing
7 info lifecycle new-bobotov@~start: new-bobotov@
8 verbose lifecycle new-bobotov@~start: unsafe-perm in lifecycle true
9 verbose lifecycle new-bobotov@~start: PATH: /usr/local/lib/node_modules/npm/bin/node-gyp-bin:/Volumes/Works/work/meteor/bobotov-meteor/node_modules/.bin:/usr/local/bin:/usr/bin:/bin:/usr/sbin:/sbin:/Users/mac/.rvm/bin
10 verbose lifecycle new-bobotov@~start: CWD: /Volumes/Works/work/meteor/bobotov-meteor
11 silly lifecycle new-bobotov@~start: Args: [ '-c', 'meteor run' ]
12 silly lifecycle new-bobotov@~start: Returned: code: 254  signal: null
13 info lifecycle new-bobotov@~start: Failed to exec start script
14 verbose stack Error: new-bobotov@ start: `meteor run`
14 verbose stack Exit status 254
14 verbose stack     at EventEmitter.<anonymous> (/usr/local/lib/node_modules/npm/lib/utils/lifecycle.js:279:16)
14 verbose stack     at emitTwo (events.js:106:13)
14 verbose stack     at EventEmitter.emit (events.js:191:7)
14 verbose stack     at ChildProcess.<anonymous> (/usr/local/lib/node_modules/npm/lib/utils/spawn.js:40:14)
14 verbose stack     at emitTwo (events.js:106:13)
14 verbose stack     at ChildProcess.emit (events.js:191:7)
14 verbose stack     at maybeClose (internal/child_process.js:885:16)
14 verbose stack     at Process.ChildProcess._handle.onexit (internal/child_process.js:226:5)
15 verbose pkgid new-bobotov@
16 verbose cwd /Volumes/Works/work/meteor/bobotov-meteor
17 error Darwin 15.3.0
18 error argv "/usr/local/Cellar/node/7.4.0/bin/node" "/usr/local/bin/npm" "start"
19 error node v7.4.0
20 error npm  v4.0.5
21 error code ELIFECYCLE
22 error new-bobotov@ start: `meteor run`
22 error Exit status 254
23 error Failed at the new-bobotov@ start script 'meteor run'.
23 error Make sure you have the latest version of node.js and npm installed.
23 error If you do, this is most likely a problem with the new-bobotov package,
23 error not with npm itself.
23 error Tell the author that this fails on your system:
23 error     meteor run
23 error You can get information on how to open an issue for this project with:
23 error     npm bugs new-bobotov
23 error Or if that isn't available, you can get their info via:
23 error     npm owner ls new-bobotov
23 error There is likely additional logging output above.
24 verbose exit [ 1, true ]
